#
# A fatal error has been detected by the Java Runtime Environment:
#
#  Internal Error (generateOopMap.cpp:2159), pid=332, tid=16792
#  fatal error: Illegal class file encountered. Try running with -Xverify:all in method printPrime
#
# JRE version: Java(TM) SE Runtime Environment (18.0.2+9) (build 18.0.2+9-61)
# Java VM: Java HotSpot(TM) 64-Bit Server VM (18.0.2+9-61, mixed mode, sharing, tiered, compressed oops, compressed class ptrs, g1 gc, windows-amd64)
# No core dump will be written. Minidumps are not enabled by default on client versions of Windows
#
# If you would like to submit a bug report, please visit:
#   https://bugreport.java.com/bugreport/crash.jsp
#

---------------  S U M M A R Y ------------

Command Line: -XX:+ShowCodeDetailsInExceptionMessages -agentlib:jdwp=transport=dt_socket,suspend=y,address=localhost:59585 -javaagent:C:\Users\dsenthil3578\eclipse\java-2022-062\eclipse\configuration\org.eclipse.osgi\215\0\.cp\lib\javaagent-shaded.jar -Dfile.encoding=UTF-8 --module-path=C:\kumar\New folder\java\bin -Djdk.module.main=java java/practice.Arrayfunctions

Host: Intel(R) Core(TM) i3-10110U CPU @ 2.10GHz, 4 cores, 7G,  Windows 11 , 64 bit Build 22000 (10.0.22000.708)
Time: Fri Jul 29 11:19:41 2022 India Standard Time elapsed time: 1570.673862 seconds (0d 0h 26m 10s)

---------------  T H R E A D  ---------------

Current thread (0x000001a99d537da0):  VMThread "VM Thread" [stack: 0x000000084fd00000,0x000000084fe00000] [id=16792]

Stack: [0x000000084fd00000,0x000000084fe00000]
Native frames: (J=compiled Java code, j=interpreted, Vv=VM code, C=native code)
V  [jvm.dll+0x6993ca]
V  [jvm.dll+0x7f481d]
V  [jvm.dll+0x7f612e]
V  [jvm.dll+0x25cafb]
V  [jvm.dll+0x35bb44]
V  [jvm.dll+0x35984f]
V  [jvm.dll+0x35a58e]
V  [jvm.dll+0x357c5f]
V  [jvm.dll+0x356e67]
V  [jvm.dll+0x687c5a]
V  [jvm.dll+0x687973]
V  [jvm.dll+0x64dde8]
V  [jvm.dll+0x7ebb7a]
V  [jvm.dll+0x548626]
V  [jvm.dll+0x7fb5cb]
V  [jvm.dll+0x7fc364]
V  [jvm.dll+0x7fc89c]
V  [jvm.dll+0x7fccf4]
V  [jvm.dll+0x7fcdb7]
V  [jvm.dll+0x7a125a]
V  [jvm.dll+0x698275]
C  [ucrtbase.dll+0x26c0c]
C  [KERNEL32.DLL+0x154e0]
C  [ntdll.dll+0x485b]

VM_Operation (0x00000008508ff210): get/set locals, mode: safepoint, requested by thread 0x000001a9a18d9670


---------------  P R O C E S S  ---------------

Threads class SMR info:
_java_thread_list=0x000001a9a1f412e0, length=15, elements={
0x000001a9ffc8dbd0, 0x000001a99d53a770, 0x000001a99d53afe0, 0x000001a99d555fd0,
0x000001a99d5574a0, 0x000001a99d557a50, 0x000001a99d563510, 0x000001a99d567e00,
0x000001a99d5683f0, 0x000001a99d574110, 0x000001a9a1818490, 0x000001a9a18d9670,
0x000001a9a19af2a0, 0x000001a9a19b37a0, 0x000001a9a1aed1e0
}

Java Threads: ( => current thread )
  0x000001a9ffc8dbd0 JavaThread "main" [_thread_blocked, id=7444, stack(0x000000084f700000,0x000000084f800000)]
  0x000001a99d53a770 JavaThread "Reference Handler" daemon [_thread_blocked, id=10604, stack(0x000000084fe00000,0x000000084ff00000)]
  0x000001a99d53afe0 JavaThread "Finalizer" daemon [_thread_blocked, id=3344, stack(0x000000084ff00000,0x0000000850000000)]
  0x000001a99d555fd0 JavaThread "Signal Dispatcher" daemon [_thread_blocked, id=5488, stack(0x0000000850000000,0x0000000850100000)]
  0x000001a99d5574a0 JavaThread "Attach Listener" daemon [_thread_blocked, id=2188, stack(0x0000000850100000,0x0000000850200000)]
  0x000001a99d557a50 JavaThread "Service Thread" daemon [_thread_blocked, id=1512, stack(0x0000000850200000,0x0000000850300000)]
  0x000001a99d563510 JavaThread "Monitor Deflation Thread" daemon [_thread_blocked, id=17624, stack(0x0000000850300000,0x0000000850400000)]
  0x000001a99d567e00 JavaThread "C2 CompilerThread0" daemon [_thread_blocked, id=12448, stack(0x0000000850400000,0x0000000850500000)]
  0x000001a99d5683f0 JavaThread "C1 CompilerThread0" daemon [_thread_blocked, id=17784, stack(0x0000000850500000,0x0000000850600000)]
  0x000001a99d574110 JavaThread "Sweeper thread" daemon [_thread_blocked, id=5648, stack(0x0000000850600000,0x0000000850700000)]
  0x000001a9a1818490 JavaThread "Common-Cleaner" daemon [_thread_blocked, id=17552, stack(0x0000000850700000,0x0000000850800000)]
  0x000001a9a18d9670 JavaThread "JDWP Transport Listener: dt_socket" daemon [_thread_blocked, id=17472, stack(0x0000000850800000,0x0000000850900000)] _threads_hazard_ptr=0x000001a9a1f412e0
  0x000001a9a19af2a0 JavaThread "JDWP Event Helper Thread" daemon [_thread_blocked, id=13892, stack(0x0000000850900000,0x0000000850a00000)]
  0x000001a9a19b37a0 JavaThread "JDWP Command Reader" daemon [_thread_in_native, id=14688, stack(0x0000000850a00000,0x0000000850b00000)]
  0x000001a9a1aed1e0 JavaThread "Notification Thread" daemon [_thread_blocked, id=7820, stack(0x0000000850b00000,0x0000000850c00000)]

Other Threads:
=>0x000001a99d537da0 VMThread "VM Thread" [stack: 0x000000084fd00000,0x000000084fe00000] [id=16792]
  0x000001a9a1aedeb0 WatcherThread "VM Periodic Task Thread" [stack: 0x0000000850c00000,0x0000000850d00000] [id=15744]
  0x000001a9ffcf01f0 WorkerThread "GC Thread#0" [stack: 0x000000084f800000,0x000000084f900000] [id=14592]
  0x000001a9ffd013c0 ConcurrentGCThread "G1 Main Marker" [stack: 0x000000084f900000,0x000000084fa00000] [id=6668]
  0x000001a9ffd02dc0 WorkerThread "G1 Conc#0" [stack: 0x000000084fa00000,0x000000084fb00000] [id=13896]
  0x000001a9ffd43da0 ConcurrentGCThread "G1 Refine#0" [stack: 0x000000084fb00000,0x000000084fc00000] [id=9588]
  0x000001a9ffd462d0 ConcurrentGCThread "G1 Service" [stack: 0x000000084fc00000,0x000000084fd00000] [id=14552]

Threads with active compile tasks:

VM state: at safepoint (normal execution)

VM Mutex/Monitor currently owned by a thread:  ([mutex/lock_event])
[0x000001a9ffc89870] Threads_lock - owner thread: 0x000001a99d537da0

Heap address: 0x0000000082800000, size: 2008 MB, Compressed Oops mode: 32-bit

CDS archive(s) mapped at: [0x0000000800000000-0x0000000800ba0000-0x0000000800ba0000), size 12189696, SharedBaseAddress: 0x0000000800000000, ArchiveRelocationMode: 0.
Compressed class space mapped at: 0x0000000800c00000-0x0000000840c00000, reserved size: 1073741824
Narrow klass base: 0x0000000800000000, Narrow klass shift: 0, Narrow klass range: 0x100000000

GC Precious Log:
 CardTable entry size: 512
 Card Set container configuration: InlinePtr #cards 5 size 8 Array Of Cards #cards 12 size 40 Howl #buckets 4 coarsen threshold 1843 Howl Bitmap #cards 512 size 80 coarsen threshold 460 Card regions per heap region 1 cards per card region 2048
 CPUs: 4 total, 4 available
 Memory: 8027M
 Large Page Support: Disabled
 NUMA Support: Disabled
 Compressed Oops: Enabled (32-bit)
 Heap Region Size: 1M
 Heap Min Capacity: 8M
 Heap Initial Capacity: 126M
 Heap Max Capacity: 2008M
 Pre-touch: Disabled
 Parallel Workers: 4
 Concurrent Workers: 1
 Concurrent Refinement Workers: 4
 Periodic GC: Disabled

Heap:
 garbage-first heap   total 129024K, used 5120K [0x0000000082800000, 0x0000000100000000)
  region size 1024K, 6 young (6144K), 0 survivors (0K)
 Metaspace       used 3036K, committed 3136K, reserved 1114112K
  class space    used 276K, committed 320K, reserved 1048576K

Heap Regions: E=young(eden), S=young(survivor), O=old, HS=humongous(starts), HC=humongous(continues), CS=collection set, F=free, OA=open archive, CA=closed archive, TAMS=top-at-mark-start (previous, next)
|   0|0x0000000082800000, 0x0000000082800000, 0x0000000082900000|  0%| F|  |TAMS 0x0000000082800000, 0x0000000082800000| Untracked 
|   1|0x0000000082900000, 0x0000000082900000, 0x0000000082a00000|  0%| F|  |TAMS 0x0000000082900000, 0x0000000082900000| Untracked 
|   2|0x0000000082a00000, 0x0000000082a00000, 0x0000000082b00000|  0%| F|  |TAMS 0x0000000082a00000, 0x0000000082a00000| Untracked 
|   3|0x0000000082b00000, 0x0000000082b00000, 0x0000000082c00000|  0%| F|  |TAMS 0x0000000082b00000, 0x0000000082b00000| Untracked 
|   4|0x0000000082c00000, 0x0000000082c00000, 0x0000000082d00000|  0%| F|  |TAMS 0x0000000082c00000, 0x0000000082c00000| Untracked 
|   5|0x0000000082d00000, 0x0000000082d00000, 0x0000000082e00000|  0%| F|  |TAMS 0x0000000082d00000, 0x0000000082d00000| Untracked 
|   6|0x0000000082e00000, 0x0000000082e00000, 0x0000000082f00000|  0%| F|  |TAMS 0x0000000082e00000, 0x0000000082e00000| Untracked 
|   7|0x0000000082f00000, 0x0000000082f00000, 0x0000000083000000|  0%| F|  |TAMS 0x0000000082f00000, 0x0000000082f00000| Untracked 
|   8|0x0000000083000000, 0x0000000083000000, 0x0000000083100000|  0%| F|  |TAMS 0x0000000083000000, 0x0000000083000000| Untracked 
|   9|0x0000000083100000, 0x0000000083100000, 0x0000000083200000|  0%| F|  |TAMS 0x0000000083100000, 0x0000000083100000| Untracked 
|  10|0x0000000083200000, 0x0000000083200000, 0x0000000083300000|  0%| F|  |TAMS 0x0000000083200000, 0x0000000083200000| Untracked 
|  11|0x0000000083300000, 0x0000000083300000, 0x0000000083400000|  0%| F|  |TAMS 0x0000000083300000, 0x0000000083300000| Untracked 
|  12|0x0000000083400000, 0x0000000083400000, 0x0000000083500000|  0%| F|  |TAMS 0x0000000083400000, 0x0000000083400000| Untracked 
|  13|0x0000000083500000, 0x0000000083500000, 0x0000000083600000|  0%| F|  |TAMS 0x0000000083500000, 0x0000000083500000| Untracked 
|  14|0x0000000083600000, 0x0000000083600000, 0x0000000083700000|  0%| F|  |TAMS 0x0000000083600000, 0x0000000083600000| Untracked 
|  15|0x0000000083700000, 0x0000000083700000, 0x0000000083800000|  0%| F|  |TAMS 0x0000000083700000, 0x0000000083700000| Untracked 
|  16|0x0000000083800000, 0x0000000083800000, 0x0000000083900000|  0%| F|  |TAMS 0x0000000083800000, 0x0000000083800000| Untracked 
|  17|0x0000000083900000, 0x0000000083900000, 0x0000000083a00000|  0%| F|  |TAMS 0x0000000083900000, 0x0000000083900000| Untracked 
|  18|0x0000000083a00000, 0x0000000083a00000, 0x0000000083b00000|  0%| F|  |TAMS 0x0000000083a00000, 0x0000000083a00000| Untracked 
|  19|0x0000000083b00000, 0x0000000083b00000, 0x0000000083c00000|  0%| F|  |TAMS 0x0000000083b00000, 0x0000000083b00000| Untracked 
|  20|0x0000000083c00000, 0x0000000083c00000, 0x0000000083d00000|  0%| F|  |TAMS 0x0000000083c00000, 0x0000000083c00000| Untracked 
|  21|0x0000000083d00000, 0x0000000083d00000, 0x0000000083e00000|  0%| F|  |TAMS 0x0000000083d00000, 0x0000000083d00000| Untracked 
|  22|0x0000000083e00000, 0x0000000083e00000, 0x0000000083f00000|  0%| F|  |TAMS 0x0000000083e00000, 0x0000000083e00000| Untracked 
|  23|0x0000000083f00000, 0x0000000083f00000, 0x0000000084000000|  0%| F|  |TAMS 0x0000000083f00000, 0x0000000083f00000| Untracked 
|  24|0x0000000084000000, 0x0000000084000000, 0x0000000084100000|  0%| F|  |TAMS 0x0000000084000000, 0x0000000084000000| Untracked 
|  25|0x0000000084100000, 0x0000000084100000, 0x0000000084200000|  0%| F|  |TAMS 0x0000000084100000, 0x0000000084100000| Untracked 
|  26|0x0000000084200000, 0x0000000084200000, 0x0000000084300000|  0%| F|  |TAMS 0x0000000084200000, 0x0000000084200000| Untracked 
|  27|0x0000000084300000, 0x0000000084300000, 0x0000000084400000|  0%| F|  |TAMS 0x0000000084300000, 0x0000000084300000| Untracked 
|  28|0x0000000084400000, 0x0000000084400000, 0x0000000084500000|  0%| F|  |TAMS 0x0000000084400000, 0x0000000084400000| Untracked 
|  29|0x0000000084500000, 0x0000000084500000, 0x0000000084600000|  0%| F|  |TAMS 0x0000000084500000, 0x0000000084500000| Untracked 
|  30|0x0000000084600000, 0x0000000084600000, 0x0000000084700000|  0%| F|  |TAMS 0x0000000084600000, 0x0000000084600000| Untracked 
|  31|0x0000000084700000, 0x0000000084700000, 0x0000000084800000|  0%| F|  |TAMS 0x0000000084700000, 0x0000000084700000| Untracked 
|  32|0x0000000084800000, 0x0000000084800000, 0x0000000084900000|  0%| F|  |TAMS 0x0000000084800000, 0x0000000084800000| Untracked 
|  33|0x0000000084900000, 0x0000000084900000, 0x0000000084a00000|  0%| F|  |TAMS 0x0000000084900000, 0x0000000084900000| Untracked 
|  34|0x0000000084a00000, 0x0000000084a00000, 0x0000000084b00000|  0%| F|  |TAMS 0x0000000084a00000, 0x0000000084a00000| Untracked 
|  35|0x0000000084b00000, 0x0000000084b00000, 0x0000000084c00000|  0%| F|  |TAMS 0x0000000084b00000, 0x0000000084b00000| Untracked 
|  36|0x0000000084c00000, 0x0000000084c00000, 0x0000000084d00000|  0%| F|  |TAMS 0x0000000084c00000, 0x0000000084c00000| Untracked 
|  37|0x0000000084d00000, 0x0000000084d00000, 0x0000000084e00000|  0%| F|  |TAMS 0x0000000084d00000, 0x0000000084d00000| Untracked 
|  38|0x0000000084e00000, 0x0000000084e00000, 0x0000000084f00000|  0%| F|  |TAMS 0x0000000084e00000, 0x0000000084e00000| Untracked 
|  39|0x0000000084f00000, 0x0000000084f00000, 0x0000000085000000|  0%| F|  |TAMS 0x0000000084f00000, 0x0000000084f00000| Untracked 
|  40|0x0000000085000000, 0x0000000085000000, 0x0000000085100000|  0%| F|  |TAMS 0x0000000085000000, 0x0000000085000000| Untracked 
|  41|0x0000000085100000, 0x0000000085100000, 0x0000000085200000|  0%| F|  |TAMS 0x0000000085100000, 0x0000000085100000| Untracked 
|  42|0x0000000085200000, 0x0000000085200000, 0x0000000085300000|  0%| F|  |TAMS 0x0000000085200000, 0x0000000085200000| Untracked 
|  43|0x0000000085300000, 0x0000000085300000, 0x0000000085400000|  0%| F|  |TAMS 0x0000000085300000, 0x0000000085300000| Untracked 
|  44|0x0000000085400000, 0x0000000085400000, 0x0000000085500000|  0%| F|  |TAMS 0x0000000085400000, 0x0000000085400000| Untracked 
|  45|0x0000000085500000, 0x0000000085500000, 0x0000000085600000|  0%| F|  |TAMS 0x0000000085500000, 0x0000000085500000| Untracked 
|  46|0x0000000085600000, 0x0000000085600000, 0x0000000085700000|  0%| F|  |TAMS 0x0000000085600000, 0x0000000085600000| Untracked 
|  47|0x0000000085700000, 0x0000000085700000, 0x0000000085800000|  0%| F|  |TAMS 0x0000000085700000, 0x0000000085700000| Untracked 
|  48|0x0000000085800000, 0x0000000085800000, 0x0000000085900000|  0%| F|  |TAMS 0x0000000085800000, 0x0000000085800000| Untracked 
|  49|0x0000000085900000, 0x0000000085900000, 0x0000000085a00000|  0%| F|  |TAMS 0x0000000085900000, 0x0000000085900000| Untracked 
|  50|0x0000000085a00000, 0x0000000085a00000, 0x0000000085b00000|  0%| F|  |TAMS 0x0000000085a00000, 0x0000000085a00000| Untracked 
|  51|0x0000000085b00000, 0x0000000085b00000, 0x0000000085c00000|  0%| F|  |TAMS 0x0000000085b00000, 0x0000000085b00000| Untracked 
|  52|0x0000000085c00000, 0x0000000085c00000, 0x0000000085d00000|  0%| F|  |TAMS 0x0000000085c00000, 0x0000000085c00000| Untracked 
|  53|0x0000000085d00000, 0x0000000085d00000, 0x0000000085e00000|  0%| F|  |TAMS 0x0000000085d00000, 0x0000000085d00000| Untracked 
|  54|0x0000000085e00000, 0x0000000085e00000, 0x0000000085f00000|  0%| F|  |TAMS 0x0000000085e00000, 0x0000000085e00000| Untracked 
|  55|0x0000000085f00000, 0x0000000085f00000, 0x0000000086000000|  0%| F|  |TAMS 0x0000000085f00000, 0x0000000085f00000| Untracked 
|  56|0x0000000086000000, 0x0000000086000000, 0x0000000086100000|  0%| F|  |TAMS 0x0000000086000000, 0x0000000086000000| Untracked 
|  57|0x0000000086100000, 0x0000000086100000, 0x0000000086200000|  0%| F|  |TAMS 0x0000000086100000, 0x0000000086100000| Untracked 
|  58|0x0000000086200000, 0x0000000086200000, 0x0000000086300000|  0%| F|  |TAMS 0x0000000086200000, 0x0000000086200000| Untracked 
|  59|0x0000000086300000, 0x0000000086300000, 0x0000000086400000|  0%| F|  |TAMS 0x0000000086300000, 0x0000000086300000| Untracked 
|  60|0x0000000086400000, 0x0000000086400000, 0x0000000086500000|  0%| F|  |TAMS 0x0000000086400000, 0x0000000086400000| Untracked 
|  61|0x0000000086500000, 0x0000000086500000, 0x0000000086600000|  0%| F|  |TAMS 0x0000000086500000, 0x0000000086500000| Untracked 
|  62|0x0000000086600000, 0x0000000086600000, 0x0000000086700000|  0%| F|  |TAMS 0x0000000086600000, 0x0000000086600000| Untracked 
|  63|0x0000000086700000, 0x0000000086700000, 0x0000000086800000|  0%| F|  |TAMS 0x0000000086700000, 0x0000000086700000| Untracked 
|  64|0x0000000086800000, 0x0000000086800000, 0x0000000086900000|  0%| F|  |TAMS 0x0000000086800000, 0x0000000086800000| Untracked 
|  65|0x0000000086900000, 0x0000000086900000, 0x0000000086a00000|  0%| F|  |TAMS 0x0000000086900000, 0x0000000086900000| Untracked 
|  66|0x0000000086a00000, 0x0000000086a00000, 0x0000000086b00000|  0%| F|  |TAMS 0x0000000086a00000, 0x0000000086a00000| Untracked 
|  67|0x0000000086b00000, 0x0000000086b00000, 0x0000000086c00000|  0%| F|  |TAMS 0x0000000086b00000, 0x0000000086b00000| Untracked 
|  68|0x0000000086c00000, 0x0000000086c00000, 0x0000000086d00000|  0%| F|  |TAMS 0x0000000086c00000, 0x0000000086c00000| Untracked 
|  69|0x0000000086d00000, 0x0000000086d00000, 0x0000000086e00000|  0%| F|  |TAMS 0x0000000086d00000, 0x0000000086d00000| Untracked 
|  70|0x0000000086e00000, 0x0000000086e00000, 0x0000000086f00000|  0%| F|  |TAMS 0x0000000086e00000, 0x0000000086e00000| Untracked 
|  71|0x0000000086f00000, 0x0000000086f00000, 0x0000000087000000|  0%| F|  |TAMS 0x0000000086f00000, 0x0000000086f00000| Untracked 
|  72|0x0000000087000000, 0x0000000087000000, 0x0000000087100000|  0%| F|  |TAMS 0x0000000087000000, 0x0000000087000000| Untracked 
|  73|0x0000000087100000, 0x0000000087100000, 0x0000000087200000|  0%| F|  |TAMS 0x0000000087100000, 0x0000000087100000| Untracked 
|  74|0x0000000087200000, 0x0000000087200000, 0x0000000087300000|  0%| F|  |TAMS 0x0000000087200000, 0x0000000087200000| Untracked 
|  75|0x0000000087300000, 0x0000000087300000, 0x0000000087400000|  0%| F|  |TAMS 0x0000000087300000, 0x0000000087300000| Untracked 
|  76|0x0000000087400000, 0x0000000087400000, 0x0000000087500000|  0%| F|  |TAMS 0x0000000087400000, 0x0000000087400000| Untracked 
|  77|0x0000000087500000, 0x0000000087500000, 0x0000000087600000|  0%| F|  |TAMS 0x0000000087500000, 0x0000000087500000| Untracked 
|  78|0x0000000087600000, 0x0000000087600000, 0x0000000087700000|  0%| F|  |TAMS 0x0000000087600000, 0x0000000087600000| Untracked 
|  79|0x0000000087700000, 0x0000000087700000, 0x0000000087800000|  0%| F|  |TAMS 0x0000000087700000, 0x0000000087700000| Untracked 
|  80|0x0000000087800000, 0x0000000087800000, 0x0000000087900000|  0%| F|  |TAMS 0x0000000087800000, 0x0000000087800000| Untracked 
|  81|0x0000000087900000, 0x0000000087900000, 0x0000000087a00000|  0%| F|  |TAMS 0x0000000087900000, 0x0000000087900000| Untracked 
|  82|0x0000000087a00000, 0x0000000087a00000, 0x0000000087b00000|  0%| F|  |TAMS 0x0000000087a00000, 0x0000000087a00000| Untracked 
|  83|0x0000000087b00000, 0x0000000087b00000, 0x0000000087c00000|  0%| F|  |TAMS 0x0000000087b00000, 0x0000000087b00000| Untracked 
|  84|0x0000000087c00000, 0x0000000087c00000, 0x0000000087d00000|  0%| F|  |TAMS 0x0000000087c00000, 0x0000000087c00000| Untracked 
|  85|0x0000000087d00000, 0x0000000087d00000, 0x0000000087e00000|  0%| F|  |TAMS 0x0000000087d00000, 0x0000000087d00000| Untracked 
|  86|0x0000000087e00000, 0x0000000087e00000, 0x0000000087f00000|  0%| F|  |TAMS 0x0000000087e00000, 0x0000000087e00000| Untracked 
|  87|0x0000000087f00000, 0x0000000087f00000, 0x0000000088000000|  0%| F|  |TAMS 0x0000000087f00000, 0x0000000087f00000| Untracked 
|  88|0x0000000088000000, 0x0000000088000000, 0x0000000088100000|  0%| F|  |TAMS 0x0000000088000000, 0x0000000088000000| Untracked 
|  89|0x0000000088100000, 0x0000000088100000, 0x0000000088200000|  0%| F|  |TAMS 0x0000000088100000, 0x0000000088100000| Untracked 
|  90|0x0000000088200000, 0x0000000088200000, 0x0000000088300000|  0%| F|  |TAMS 0x0000000088200000, 0x0000000088200000| Untracked 
|  91|0x0000000088300000, 0x0000000088300000, 0x0000000088400000|  0%| F|  |TAMS 0x0000000088300000, 0x0000000088300000| Untracked 
|  92|0x0000000088400000, 0x0000000088400000, 0x0000000088500000|  0%| F|  |TAMS 0x0000000088400000, 0x0000000088400000| Untracked 
|  93|0x0000000088500000, 0x0000000088500000, 0x0000000088600000|  0%| F|  |TAMS 0x0000000088500000, 0x0000000088500000| Untracked 
|  94|0x0000000088600000, 0x0000000088600000, 0x0000000088700000|  0%| F|  |TAMS 0x0000000088600000, 0x0000000088600000| Untracked 
|  95|0x0000000088700000, 0x0000000088700000, 0x0000000088800000|  0%| F|  |TAMS 0x0000000088700000, 0x0000000088700000| Untracked 
|  96|0x0000000088800000, 0x0000000088800000, 0x0000000088900000|  0%| F|  |TAMS 0x0000000088800000, 0x0000000088800000| Untracked 
|  97|0x0000000088900000, 0x0000000088900000, 0x0000000088a00000|  0%| F|  |TAMS 0x0000000088900000, 0x0000000088900000| Untracked 
|  98|0x0000000088a00000, 0x0000000088a00000, 0x0000000088b00000|  0%| F|  |TAMS 0x0000000088a00000, 0x0000000088a00000| Untracked 
|  99|0x0000000088b00000, 0x0000000088b00000, 0x0000000088c00000|  0%| F|  |TAMS 0x0000000088b00000, 0x0000000088b00000| Untracked 
| 100|0x0000000088c00000, 0x0000000088c00000, 0x0000000088d00000|  0%| F|  |TAMS 0x0000000088c00000, 0x0000000088c00000| Untracked 
| 101|0x0000000088d00000, 0x0000000088d00000, 0x0000000088e00000|  0%| F|  |TAMS 0x0000000088d00000, 0x0000000088d00000| Untracked 
| 102|0x0000000088e00000, 0x0000000088e00000, 0x0000000088f00000|  0%| F|  |TAMS 0x0000000088e00000, 0x0000000088e00000| Untracked 
| 103|0x0000000088f00000, 0x0000000088f00000, 0x0000000089000000|  0%| F|  |TAMS 0x0000000088f00000, 0x0000000088f00000| Untracked 
| 104|0x0000000089000000, 0x0000000089000000, 0x0000000089100000|  0%| F|  |TAMS 0x0000000089000000, 0x0000000089000000| Untracked 
| 105|0x0000000089100000, 0x0000000089100000, 0x0000000089200000|  0%| F|  |TAMS 0x0000000089100000, 0x0000000089100000| Untracked 
| 106|0x0000000089200000, 0x0000000089200000, 0x0000000089300000|  0%| F|  |TAMS 0x0000000089200000, 0x0000000089200000| Untracked 
| 107|0x0000000089300000, 0x0000000089300000, 0x0000000089400000|  0%| F|  |TAMS 0x0000000089300000, 0x0000000089300000| Untracked 
| 108|0x0000000089400000, 0x0000000089400000, 0x0000000089500000|  0%| F|  |TAMS 0x0000000089400000, 0x0000000089400000| Untracked 
| 109|0x0000000089500000, 0x0000000089500000, 0x0000000089600000|  0%| F|  |TAMS 0x0000000089500000, 0x0000000089500000| Untracked 
| 110|0x0000000089600000, 0x0000000089600000, 0x0000000089700000|  0%| F|  |TAMS 0x0000000089600000, 0x0000000089600000| Untracked 
| 111|0x0000000089700000, 0x0000000089700000, 0x0000000089800000|  0%| F|  |TAMS 0x0000000089700000, 0x0000000089700000| Untracked 
| 112|0x0000000089800000, 0x0000000089800000, 0x0000000089900000|  0%| F|  |TAMS 0x0000000089800000, 0x0000000089800000| Untracked 
| 113|0x0000000089900000, 0x0000000089900000, 0x0000000089a00000|  0%| F|  |TAMS 0x0000000089900000, 0x0000000089900000| Untracked 
| 114|0x0000000089a00000, 0x0000000089a00000, 0x0000000089b00000|  0%| F|  |TAMS 0x0000000089a00000, 0x0000000089a00000| Untracked 
| 115|0x0000000089b00000, 0x0000000089b00000, 0x0000000089c00000|  0%| F|  |TAMS 0x0000000089b00000, 0x0000000089b00000| Untracked 
| 116|0x0000000089c00000, 0x0000000089c00000, 0x0000000089d00000|  0%| F|  |TAMS 0x0000000089c00000, 0x0000000089c00000| Untracked 
| 117|0x0000000089d00000, 0x0000000089d00000, 0x0000000089e00000|  0%| F|  |TAMS 0x0000000089d00000, 0x0000000089d00000| Untracked 
| 118|0x0000000089e00000, 0x0000000089e00000, 0x0000000089f00000|  0%| F|  |TAMS 0x0000000089e00000, 0x0000000089e00000| Untracked 
| 119|0x0000000089f00000, 0x0000000089f00000, 0x000000008a000000|  0%| F|  |TAMS 0x0000000089f00000, 0x0000000089f00000| Untracked 
| 120|0x000000008a000000, 0x000000008a0daa80, 0x000000008a100000| 85%| E|  |TAMS 0x000000008a000000, 0x000000008a000000| Complete 
| 121|0x000000008a100000, 0x000000008a200000, 0x000000008a200000|100%| E|CS|TAMS 0x000000008a100000, 0x000000008a100000| Complete 
| 122|0x000000008a200000, 0x000000008a300000, 0x000000008a300000|100%| E|CS|TAMS 0x000000008a200000, 0x000000008a200000| Complete 
| 123|0x000000008a300000, 0x000000008a400000, 0x000000008a400000|100%| E|CS|TAMS 0x000000008a300000, 0x000000008a300000| Complete 
| 124|0x000000008a400000, 0x000000008a500000, 0x000000008a500000|100%| E|CS|TAMS 0x000000008a400000, 0x000000008a400000| Complete 
| 125|0x000000008a500000, 0x000000008a600000, 0x000000008a600000|100%| E|CS|TAMS 0x000000008a500000, 0x000000008a500000| Complete 

Card table byte_map: [0x000001a996c60000,0x000001a997050000] _byte_map_base: 0x000001a99684c000

Marking Bits (Prev, Next): (CMBitMap*) 0x000001a9ffcf07f0, (CMBitMap*) 0x000001a9ffcf0830
 Prev Bits: [0x000001a997440000, 0x000001a9993a0000)
 Next Bits: [0x000001a9993a0000, 0x000001a99b300000)

Polling page: 0x000001a9ff460000

Metaspace:

Usage:
  Non-class:      2.70 MB used.
      Class:    276.39 KB used.
       Both:      2.97 MB used.

Virtual space:
  Non-class space:       64.00 MB reserved,       2.75 MB (  4%) committed,  1 nodes.
      Class space:        1.00 GB reserved,     320.00 KB ( <1%) committed,  1 nodes.
             Both:        1.06 GB reserved,       3.06 MB ( <1%) committed. 

Chunk freelists:
   Non-Class:  3.70 MB
       Class:  3.70 MB
        Both:  7.41 MB

MaxMetaspaceSize: unlimited
CompressedClassSpaceSize: 1.00 GB
Initial GC threshold: 21.00 MB
Current GC threshold: 21.00 MB
CDS: on
MetaspaceReclaimPolicy: balanced
 - commit_granule_bytes: 65536.
 - commit_granule_words: 8192.
 - virtual_space_node_default_size: 8388608.
 - enlarge_chunks_in_place: 1.
 - new_chunks_are_fully_committed: 0.
 - uncommit_free_chunks: 1.
 - use_allocation_guard: 0.


Internal statistics:

num_allocs_failed_limit: 0.
num_arena_births: 34.
num_arena_deaths: 0.
num_vsnodes_births: 2.
num_vsnodes_deaths: 0.
num_space_committed: 49.
num_space_uncommitted: 0.
num_chunks_returned_to_freelist: 0.
num_chunks_taken_from_freelist: 51.
num_chunk_merges: 0.
num_chunk_splits: 35.
num_chunks_enlarged: 23.
num_inconsistent_stats: 0.

CodeHeap 'non-profiled nmethods': size=120000Kb used=153Kb max_used=153Kb free=119847Kb
 bounds [0x000001a98f340000, 0x000001a98f5b0000, 0x000001a996870000]
CodeHeap 'profiled nmethods': size=120000Kb used=873Kb max_used=873Kb free=119127Kb
 bounds [0x000001a987e10000, 0x000001a988080000, 0x000001a98f340000]
CodeHeap 'non-nmethods': size=5760Kb used=1217Kb max_used=1235Kb free=4542Kb
 bounds [0x000001a987870000, 0x000001a987ae0000, 0x000001a987e10000]
 total_blobs=930 nmethods=504 adapters=339
 compilation: enabled
              stopped_count=0, restarted_count=0
 full_count=0

Compilation events (20 events):
Event: 1.253 Thread 0x000001a99d567e00  496       4       java.lang.StringLatin1::lastIndexOf (40 bytes)
Event: 1.258 Thread 0x000001a99d567e00 nmethod 496 0x000001a98f365c10 code [0x000001a98f365d80, 0x000001a98f365f58]
Event: 1321.882 Thread 0x000001a99d5683f0  497       3       org.eclipse.jdt.launching.internal.org.objectweb.asm.ClassReader::readUtf (44 bytes)
Event: 1321.883 Thread 0x000001a99d5683f0 nmethod 497 0x000001a987ee7b10 code [0x000001a987ee7ce0, 0x000001a987ee80f8]
Event: 1397.304 Thread 0x000001a99d567e00  498       4       java.lang.StringUTF16::compress (50 bytes)
Event: 1397.304 Thread 0x000001a99d5683f0  499       3       org.eclipse.jdt.launching.internal.org.objectweb.asm.SymbolTable::hash (10 bytes)
Event: 1397.304 Thread 0x000001a99d5683f0 nmethod 499 0x000001a987ee8290 code [0x000001a987ee8420, 0x000001a987ee8568]
Event: 1397.315 Thread 0x000001a99d567e00 

Event: 1448.494 Thread 0x000001a99d5683f0  500       3       org.eclipse.jdt.launching.internal.org.objectweb.asm.ClassReader::readUTF8 (23 bytes)
Event: 1448.495 Thread 0x000001a99d5683f0 nmethod 500 0x000001a987ee8690 code [0x000001a987ee8840, 0x000001a987ee8a98]
Event: 1448.495 Thread 0x000001a99d5683f0  501       3       org.eclipse.jdt.launching.internal.org.objectweb.asm.ClassReader::getItem (7 bytes)
Event: 1448.495 Thread 0x000001a99d5683f0 nmethod 501 0x000001a987ee8b90 code [0x000001a987ee8d20, 0x000001a987ee8e58]
Event: 1448.495 Thread 0x000001a99d5683f0  502       3       org.eclipse.jdt.launching.internal.org.objectweb.asm.Symbol::<init> (38 bytes)
Event: 1448.495 Thread 0x000001a99d5683f0 nmethod 502 0x000001a987ee8f10 code [0x000001a987ee90c0, 0x000001a987ee9358]
Event: 1515.638 Thread 0x000001a99d5683f0  503       3       org.eclipse.jdt.launching.internal.org.objectweb.asm.ClassReader::readUtf (161 bytes)
Event: 1515.639 Thread 0x000001a99d567e00  505       4       org.eclipse.jdt.launching.internal.org.objectweb.asm.ClassReader::readUnsignedShort (26 bytes)
Event: 1515.639 Thread 0x000001a99d5683f0 nmethod 503 0x000001a987ee9490 code [0x000001a987ee9660, 0x000001a987ee9b28]
Event: 1515.639 Thread 0x000001a99d5683f0  504       3       org.eclipse.jdt.launching.internal.org.objectweb.asm.SymbolTable::addConstantUtf8 (20 bytes)
Event: 1515.639 Thread 0x000001a99d5683f0 nmethod 504 0x000001a987ee9e10 code [0x000001a987ee9fe0, 0x000001a987eea2a8]
Event: 1515.640 Thread 0x000001a99d567e00 nmethod 505 0x000001a98f366090 code [0x000001a98f366200, 0x000001a98f3662f8]

GC Heap History (0 events):
No events

Deoptimization events (20 events):
Event: 1.226 Thread 0x000001a9ffc8dbd0 DEOPT PACKING pc=0x000001a987ecd3b4 sp=0x000000084f7f8740
Event: 1.226 Thread 0x000001a9ffc8dbd0 DEOPT UNPACKING pc=0x000001a9878c2b43 sp=0x000000084f7f7ba8 mode 0
Event: 1.227 Thread 0x000001a9ffc8dbd0 DEOPT PACKING pc=0x000001a987ecd3b4 sp=0x000000084f7f8740
Event: 1.227 Thread 0x000001a9ffc8dbd0 DEOPT UNPACKING pc=0x000001a9878c2b43 sp=0x000000084f7f7ba8 mode 0
Event: 1.227 Thread 0x000001a9ffc8dbd0 DEOPT PACKING pc=0x000001a987ecd3b4 sp=0x000000084f7f8740
Event: 1.227 Thread 0x000001a9ffc8dbd0 DEOPT UNPACKING pc=0x000001a9878c2b43 sp=0x000000084f7f7ba8 mode 0
Event: 1.230 Thread 0x000001a9ffc8dbd0 DEOPT PACKING pc=0x000001a987ecd3b4 sp=0x000000084f7f8740
Event: 1.230 Thread 0x000001a9ffc8dbd0 DEOPT UNPACKING pc=0x000001a9878c2b43 sp=0x000000084f7f7ba8 mode 0
Event: 1.233 Thread 0x000001a9ffc8dbd0 DEOPT PACKING pc=0x000001a987ecd3b4 sp=0x000000084f7fc190
Event: 1.233 Thread 0x000001a9ffc8dbd0 DEOPT UNPACKING pc=0x000001a9878c2b43 sp=0x000000084f7fb5f8 mode 0
Event: 1.233 Thread 0x000001a9ffc8dbd0 DEOPT PACKING pc=0x000001a987ecd3b4 sp=0x000000084f7fc190
Event: 1.233 Thread 0x000001a9ffc8dbd0 DEOPT UNPACKING pc=0x000001a9878c2b43 sp=0x000000084f7fb5f8 mode 0
Event: 1.234 Thread 0x000001a9ffc8dbd0 DEOPT PACKING pc=0x000001a987ecd3b4 sp=0x000000084f7fc190
Event: 1.234 Thread 0x000001a9ffc8dbd0 DEOPT UNPACKING pc=0x000001a9878c2b43 sp=0x000000084f7fb5f8 mode 0
Event: 1.234 Thread 0x000001a9ffc8dbd0 DEOPT PACKING pc=0x000001a987ecd3b4 sp=0x000000084f7fc190
Event: 1.234 Thread 0x000001a9ffc8dbd0 DEOPT UNPACKING pc=0x000001a9878c2b43 sp=0x000000084f7fb5f8 mode 0
Event: 1.243 Thread 0x000001a9ffc8dbd0 DEOPT PACKING pc=0x000001a987ecd3b4 sp=0x000000084f7fc190
Event: 1.243 Thread 0x000001a9ffc8dbd0 DEOPT UNPACKING pc=0x000001a9878c2b43 sp=0x000000084f7fb5f8 mode 0
Event: 1.251 Thread 0x000001a9ffc8dbd0 DEOPT PACKING pc=0x000001a987e6c29f sp=0x000000084f7f8570
Event: 1.251 Thread 0x000001a9ffc8dbd0 DEOPT UNPACKING pc=0x000001a9878c2b43 sp=0x000000084f7f7a20 mode 0

Classes loaded (20 events):
Event: 1.162 Loading class java/util/AbstractMap$SimpleEntry
Event: 1.162 Loading class java/util/AbstractMap$SimpleEntry done
Event: 1.198 Loading class jdk/internal/module/ModuleReferences$ExplodedModuleReader
Event: 1.198 Loading class jdk/internal/module/ModuleReferences$ExplodedModuleReader done
Event: 1.208 Loading class java/lang/AssertionError
Event: 1.208 Loading class java/lang/AssertionError done
Event: 1.214 Loading class java/lang/UnsupportedOperationException
Event: 1.214 Loading class java/lang/UnsupportedOperationException done
Event: 1.215 Loading class java/lang/TypeNotPresentException
Event: 1.215 Loading class java/lang/TypeNotPresentException done
Event: 1.232 Loading class java/lang/IndexOutOfBoundsException
Event: 1.232 Loading class java/lang/IndexOutOfBoundsException done
Event: 1.254 Loading class java/lang/IllegalStateException
Event: 1.254 Loading class java/lang/IllegalStateException done
Event: 1.256 Loading class java/lang/WeakPairMap$Pair$Weak
Event: 1.256 Loading class java/lang/WeakPairMap$WeakRefPeer
Event: 1.256 Loading class java/lang/WeakPairMap$WeakRefPeer done
Event: 1.256 Loading class java/lang/WeakPairMap$Pair$Weak done
Event: 1.256 Loading class java/lang/WeakPairMap$Pair$Weak$1
Event: 1.256 Loading class java/lang/WeakPairMap$Pair$Weak$1 done

Classes unloaded (0 events):
No events

Classes redefined (4 events):
Event: 1321.905 Thread 0x000001a99d537da0 redefined class name=practice.Arrayfunctions, count=1
Event: 1397.306 Thread 0x000001a99d537da0 redefined class name=practice.Arrayfunctions, count=2
Event: 1448.496 Thread 0x000001a99d537da0 redefined class name=practice.Arrayfunctions, count=3
Event: 1515.641 Thread 0x000001a99d537da0 redefined class name=practice.Arrayfunctions, count=4

Internal exceptions (3 events):
Event: 0.381 Thread 0x000001a9ffc8dbd0 Exception <a 'java/lang/NoSuchMethodError'{0x000000008a428a20}: 'void java.lang.invoke.DirectMethodHandle$Holder.invokeVirtual(java.lang.Object, java.lang.Object)'> (0x000000008a428a20) 
thrown [s\open\src\hotspot\share\interpreter\linkResolver.cpp, line 759]
Event: 1.153 Thread 0x000001a9ffc8dbd0 Exception <a 'java/lang/NoSuchMethodError'{0x000000008a1d89f0}: 'void java.lang.invoke.DirectMethodHandle$Holder.invokeStatic(java.lang.Object, java.lang.Object, java.lang.Object)'> (0x000000008a1d89f0) 
thrown [s\open\src\hotspot\share\interpreter\linkResolver.cpp, line 759]
Event: 1.157 Thread 0x000001a9ffc8dbd0 Exception <a 'java/lang/NoSuchMethodError'{0x000000008a1ec360}: 'java.lang.Object java.lang.invoke.Invokers$Holder.invokeExact_MT(java.lang.Object, java.lang.Object, java.lang.Object, java.lang.Object, java.lang.Object)'> (0x000000008a1ec360) 
thrown [s\open\src\hotspot\share\interpreter\linkResolver.cpp, line 759]

VM Operations (20 events):
Event: 1552.869 Executing VM operation: ChangeBreakpoints done
Event: 1554.650 Executing VM operation: ChangeBreakpoints
Event: 1554.650 Executing VM operation: ChangeBreakpoints done
Event: 1556.265 Executing VM operation: ChangeBreakpoints
Event: 1556.265 Executing VM operation: ChangeBreakpoints done
Event: 1557.466 Executing VM operation: ChangeBreakpoints
Event: 1557.467 Executing VM operation: ChangeBreakpoints done
Event: 1558.455 Executing VM operation: ChangeBreakpoints
Event: 1558.455 Executing VM operation: ChangeBreakpoints done
Event: 1559.339 Executing VM operation: ChangeBreakpoints
Event: 1559.339 Executing VM operation: ChangeBreakpoints done
Event: 1559.340 Executing VM operation: ChangeBreakpoints
Event: 1559.340 Executing VM operation: ChangeBreakpoints done
Event: 1560.371 Executing VM operation: ChangeBreakpoints
Event: 1560.371 Executing VM operation: ChangeBreakpoints done
Event: 1563.503 Executing VM operation: ChangeBreakpoints
Event: 1563.503 Executing VM operation: ChangeBreakpoints done
Event: 1564.721 Executing VM operation: ChangeBreakpoints
Event: 1564.722 Executing VM operation: ChangeBreakpoints done
Event: 1570.563 Executing VM operation: get/set locals

Events (20 events):
Event: 0.244 Thread 0x000001a99d53afe0 Thread added: 0x000001a99d53afe0
Event: 0.270 Thread 0x000001a99d555fd0 Thread added: 0x000001a99d555fd0
Event: 0.270 Thread 0x000001a99d5574a0 Thread added: 0x000001a99d5574a0
Event: 0.271 Thread 0x000001a99d557a50 Thread added: 0x000001a99d557a50
Event: 0.271 Thread 0x000001a99d563510 Thread added: 0x000001a99d563510
Event: 0.271 Thread 0x000001a99d567e00 Thread added: 0x000001a99d567e00
Event: 0.272 Thread 0x000001a99d5683f0 Thread added: 0x000001a99d5683f0
Event: 0.272 Thread 0x000001a99d574110 Thread added: 0x000001a99d574110
Event: 0.330 Thread 0x000001a9a1818490 Thread added: 0x000001a9a1818490
Event: 0.346 Loaded shared library C:\Program Files\Java\jdk-18.0.2\bin\net.dll
Event: 0.351 Loaded shared library C:\Program Files\Java\jdk-18.0.2\bin\nio.dll
Event: 0.477 Thread 0x000001a9a18d9670 Thread added: 0x000001a9a18d9670
Event: 0.477 Thread 0x000001a9a19af2a0 Thread added: 0x000001a9a19af2a0
Event: 0.478 Thread 0x000001a9a19b37a0 Thread added: 0x000001a9a19b37a0
Event: 0.908 Loaded shared library C:\Program Files\Java\jdk-18.0.2\bin\zip.dll
Event: 0.941 Loaded shared library C:\Program Files\Java\jdk-18.0.2\bin\instrument.dll
Event: 0.953 Loaded shared library C:\Program Files\Java\jdk-18.0.2\bin\zip.dll
Event: 1.057 Loaded shared library C:\Program Files\Java\jdk-18.0.2\bin\jimage.dll
Event: 1.163 Thread 0x000001a9a1aed1e0 Thread added: 0x000001a9a1aed1e0
Event: 1.205 Loaded shared library C:\Program Files\Java\jdk-18.0.2\bin\verify.dll


Dynamic libraries:
0x00007ff665bf0000 - 0x00007ff665c00000 	C:\Program Files\Java\jdk-18.0.2\bin\javaw.exe
0x00007ffd9dfc0000 - 0x00007ffd9e1c9000 	C:\Windows\SYSTEM32\ntdll.dll
0x00007ffd9cbd0000 - 0x00007ffd9cc8d000 	C:\Windows\System32\KERNEL32.DLL
0x00007ffd9b9b0000 - 0x00007ffd9bd29000 	C:\Windows\System32\KERNELBASE.dll
0x00007ffd9b6d0000 - 0x00007ffd9b7e1000 	C:\Windows\System32\ucrtbase.dll
0x00007ffd7f030000 - 0x00007ffd7f04a000 	C:\Program Files\Java\jdk-18.0.2\bin\VCRUNTIME140.dll
0x00007ffd81f70000 - 0x00007ffd81f88000 	C:\Program Files\Java\jdk-18.0.2\bin\jli.dll
0x00007ffd9d5b0000 - 0x00007ffd9d65e000 	C:\Windows\System32\ADVAPI32.dll
0x00007ffd9be50000 - 0x00007ffd9bef3000 	C:\Windows\System32\msvcrt.dll
0x00007ffd9d660000 - 0x00007ffd9d6fe000 	C:\Windows\System32\sechost.dll
0x00007ffd9cab0000 - 0x00007ffd9cbd0000 	C:\Windows\System32\RPCRT4.dll
0x00007ffd9cd30000 - 0x00007ffd9cedc000 	C:\Windows\System32\USER32.dll
0x00007ffd9bdb0000 - 0x00007ffd9bdd6000 	C:\Windows\System32\win32u.dll
0x00007ffd9c720000 - 0x00007ffd9c749000 	C:\Windows\System32\GDI32.dll
0x00007ffd87910000 - 0x00007ffd87bb5000 	C:\Windows\WinSxS\amd64_microsoft.windows.common-controls_6595b64144ccf1df_6.0.22000.120_none_9d947278b86cc467\COMCTL32.dll
0x00007ffd9b7f0000 - 0x00007ffd9b902000 	C:\Windows\System32\gdi32full.dll
0x00007ffd9b910000 - 0x00007ffd9b9ad000 	C:\Windows\System32\msvcp_win.dll
0x00007ffd98000000 - 0x00007ffd9800a000 	C:\Windows\SYSTEM32\VERSION.dll
0x00007ffd9d9c0000 - 0x00007ffd9d9f1000 	C:\Windows\System32\IMM32.DLL
0x00007ffd91900000 - 0x00007ffd9190c000 	C:\Program Files\Java\jdk-18.0.2\bin\vcruntime140_1.dll
0x00007ffd53d80000 - 0x00007ffd53e0d000 	C:\Program Files\Java\jdk-18.0.2\bin\msvcp140.dll
0x00007ffd490d0000 - 0x00007ffd49ce1000 	C:\Program Files\Java\jdk-18.0.2\bin\server\jvm.dll
0x00007ffd9d4a0000 - 0x00007ffd9d4a8000 	C:\Windows\System32\PSAPI.DLL
0x00007ffd97ad0000 - 0x00007ffd97ad9000 	C:\Windows\SYSTEM32\WSOCK32.dll
0x00007ffd95e40000 - 0x00007ffd95e73000 	C:\Windows\SYSTEM32\WINMM.dll
0x00007ffd9d700000 - 0x00007ffd9d76f000 	C:\Windows\System32\WS2_32.dll
0x00007ffd9a5a0000 - 0x00007ffd9a5b8000 	C:\Windows\SYSTEM32\kernel.appcore.dll
0x00007ffd917f0000 - 0x00007ffd917fa000 	C:\Program Files\Java\jdk-18.0.2\bin\jimage.dll
0x00007ffd96eb0000 - 0x00007ffd970d1000 	C:\Windows\SYSTEM32\DBGHELP.DLL
0x00007ffd98270000 - 0x00007ffd982a1000 	C:\Windows\SYSTEM32\dbgcore.DLL
0x00007ffd9bd30000 - 0x00007ffd9bdaf000 	C:\Windows\System32\bcryptPrimitives.dll
0x00007ffd95090000 - 0x00007ffd950cb000 	C:\Program Files\Java\jdk-18.0.2\bin\jdwp.dll
0x00007ffd987c0000 - 0x00007ffd987ce000 	C:\Program Files\Java\jdk-18.0.2\bin\instrument.dll
0x00007ffd72e80000 - 0x00007ffd72ea5000 	C:\Program Files\Java\jdk-18.0.2\bin\java.dll
0x00007ffd50c10000 - 0x00007ffd50ce6000 	C:\Program Files\Java\jdk-18.0.2\bin\jsvml.dll
0x00007ffd9bf60000 - 0x00007ffd9c718000 	C:\Windows\System32\SHELL32.dll
0x00007ffd995d0000 - 0x00007ffd99e37000 	C:\Windows\SYSTEM32\windows.storage.dll
0x00007ffd9d120000 - 0x00007ffd9d499000 	C:\Windows\System32\combase.dll
0x00007ffd99460000 - 0x00007ffd995c6000 	C:\Windows\SYSTEM32\wintypes.dll
0x00007ffd9c9c0000 - 0x00007ffd9caaa000 	C:\Windows\System32\SHCORE.dll
0x00007ffd9bf00000 - 0x00007ffd9bf5d000 	C:\Windows\System32\shlwapi.dll
0x00007ffd9b3d0000 - 0x00007ffd9b3f1000 	C:\Windows\SYSTEM32\profapi.dll
0x00007ffd79760000 - 0x00007ffd79773000 	C:\Program Files\Java\jdk-18.0.2\bin\net.dll
0x00007ffd96320000 - 0x00007ffd9642c000 	C:\Windows\SYSTEM32\WINHTTP.dll
0x00007ffd9a9d0000 - 0x00007ffd9aa37000 	C:\Windows\system32\mswsock.dll
0x00007ffd77f80000 - 0x00007ffd77f96000 	C:\Program Files\Java\jdk-18.0.2\bin\nio.dll
0x00007ffd96690000 - 0x00007ffd9669c000 	C:\Program Files\Java\jdk-18.0.2\bin\dt_socket.dll
0x00007ffd9a090000 - 0x00007ffd9a0bd000 	C:\Windows\SYSTEM32\IPHLPAPI.DLL
0x00007ffd9a150000 - 0x00007ffd9a238000 	C:\Windows\SYSTEM32\DNSAPI.dll
0x00007ffd9d100000 - 0x00007ffd9d109000 	C:\Windows\System32\NSI.dll
0x00007ffd92890000 - 0x00007ffd9289a000 	C:\Windows\System32\rasadhlp.dll
0x00007ffd94370000 - 0x00007ffd943f1000 	C:\Windows\System32\fwpuclnt.dll
0x00007ffd751a0000 - 0x00007ffd751b8000 	C:\Program Files\Java\jdk-18.0.2\bin\zip.dll
0x00007ffd8f590000 - 0x00007ffd8f5a0000 	C:\Program Files\Java\jdk-18.0.2\bin\verify.dll

dbghelp: loaded successfully - version: 4.0.5 - missing functions: none
symbol engine: initialized successfully - sym options: 0x614 - pdb path: .;C:\Program Files\Java\jdk-18.0.2\bin;C:\Windows\SYSTEM32;C:\Windows\WinSxS\amd64_microsoft.windows.common-controls_6595b64144ccf1df_6.0.22000.120_none_9d947278b86cc467;C:\Program Files\Java\jdk-18.0.2\bin\server

VM Arguments:
jvm_args: -XX:+ShowCodeDetailsInExceptionMessages -agentlib:jdwp=transport=dt_socket,suspend=y,address=localhost:59585 -javaagent:C:\Users\dsenthil3578\eclipse\java-2022-062\eclipse\configuration\org.eclipse.osgi\215\0\.cp\lib\javaagent-shaded.jar -Dfile.encoding=UTF-8 --module-path=C:\kumar\New folder\java\bin -Djdk.module.main=java 
java_command: java/practice.Arrayfunctions
java_class_path (initial): <not set>
Launcher Type: SUN_STANDARD

[Global flags]
     intx CICompilerCount                          = 3                                         {product} {ergonomic}
     uint ConcGCThreads                            = 1                                         {product} {ergonomic}
     uint G1ConcRefinementThreads                  = 4                                         {product} {ergonomic}
   size_t G1HeapRegionSize                         = 1048576                                   {product} {ergonomic}
    uintx GCDrainStackTargetSize                   = 64                                        {product} {ergonomic}
   size_t InitialHeapSize                          = 132120576                                 {product} {ergonomic}
   size_t MarkStackSize                            = 4194304                                   {product} {ergonomic}
   size_t MaxHeapSize                              = 2105540608                                {product} {ergonomic}
   size_t MaxNewSize                               = 1262485504                                {product} {ergonomic}
   size_t MinHeapDeltaBytes                        = 1048576                                   {product} {ergonomic}
   size_t MinHeapSize                              = 8388608                                   {product} {ergonomic}
    uintx NonNMethodCodeHeapSize                   = 5832780                                {pd product} {ergonomic}
    uintx NonProfiledCodeHeapSize                  = 122912730                              {pd product} {ergonomic}
    uintx ProfiledCodeHeapSize                     = 122912730                              {pd product} {ergonomic}
    uintx ReservedCodeCacheSize                    = 251658240                              {pd product} {ergonomic}
     bool SegmentedCodeCache                       = true                                      {product} {ergonomic}
     bool ShowCodeDetailsInExceptionMessages       = true                                   {manageable} {command line}
   size_t SoftMaxHeapSize                          = 2105540608                             {manageable} {ergonomic}
     bool UseCompressedClassPointers               = true                           {product lp64_product} {ergonomic}
     bool UseCompressedOops                        = true                           {product lp64_product} {ergonomic}
     bool UseG1GC                                  = true                                      {product} {ergonomic}
     bool UseLargePagesIndividualAllocation        = false                                  {pd product} {ergonomic}

Logging:
Log output configuration:
 #0: stdout all=warning uptime,level,tags foldmultilines=false
 #1: stderr all=off uptime,level,tags foldmultilines=false

Environment Variables:
PATH=C:\Program Files\Common Files\Oracle\Java\javapath;C:\Windows\system32;C:\Windows;C:\Windows\System32\Wbem;C:\Windows\System32\WindowsPowerShell\v1.0\;C:\Windows\System32\OpenSSH\;C:\Users\dsenthil3578\AppData\Local\Microsoft\WindowsApps;
USERNAME=dsenthil3578
OS=Windows_NT
PROCESSOR_IDENTIFIER=Intel64 Family 6 Model 142 Stepping 12, GenuineIntel



---------------  S Y S T E M  ---------------

OS:
 Windows 11 , 64 bit Build 22000 (10.0.22000.708)
OS uptime: 0 days 23:49 hours

CPU: total 4 (initial active 4) (2 cores per cpu, 2 threads per core) family 6 model 142 stepping 12 microcode 0xea, cx8, cmov, fxsr, ht, mmx, 3dnowpref, sse, sse2, sse3, ssse3, sse4.1, sse4.2, popcnt, lzcnt, tsc, tscinvbit, avx, avx2, aes, erms, clmul, bmi1, bmi2, adx, fma, vzeroupper, clflush, clflushopt

Memory: 4k page, system-wide physical 8027M (3957M free)
TotalPageFile size 9947M (AvailPageFile size 5276M)
current process WorkingSet (physical memory assigned to process): 44M, peak: 46M
current process commit charge ("private bytes"): 203M, peak: 206M

vm_info: Java HotSpot(TM) 64-Bit Server VM (18.0.2+9-61) for windows-amd64 JRE (18.0.2+9-61), built on Jun  7 2022 13:09:01 by "mach5one" with MS VC++ 16.8 / 16.9 (VS2019)

END.
